
> cypherflux-frontend@1.0.0 build
> vite build

[36mvite v5.4.21 [32mbuilding for production...[36m[39m
transforming...
[32m✓[39m 1419 modules transformed.
[31mx[39m Build failed in 2.52s
[31merror during build:
[31msrc/pages/Dashboard.jsx (3:25): "Radiotower" is not exported by "node_modules/lucide-react/dist/esm/lucide-react.js", imported by "src/pages/Dashboard.jsx".[31m
file: [36mF:/Cypher-Flux/cypherflux-frontend/src/pages/Dashboard.jsx:3:25[31m
[33m
1: import React, { useState, useEffect } from 'react';
2: import api from '../services/api';
3: import { Shield, Server, Radiotower, AlertTriangle } from 'lucide-react';
                            ^
4: 
5: const Dashboard = () => {
[31m
    at getRollupError (file:///F:/Cypher-Flux/cypherflux-frontend/node_modules/rollup/dist/es/shared/parseAst.js:406:41)
    at error (file:///F:/Cypher-Flux/cypherflux-frontend/node_modules/rollup/dist/es/shared/parseAst.js:402:42)
    at Module.error (file:///F:/Cypher-Flux/cypherflux-frontend/node_modules/rollup/dist/es/shared/node-entry.js:17380:16)
    at Module.traceVariable (file:///F:/Cypher-Flux/cypherflux-frontend/node_modules/rollup/dist/es/shared/node-entry.js:17813:29)
    at ModuleScope.findVariable (file:///F:/Cypher-Flux/cypherflux-frontend/node_modules/rollup/dist/es/shared/node-entry.js:15403:39)
    at ReturnValueScope.findVariable (file:///F:/Cypher-Flux/cypherflux-frontend/node_modules/rollup/dist/es/shared/node-entry.js:5676:38)
    at FunctionBodyScope.findVariable (file:///F:/Cypher-Flux/cypherflux-frontend/node_modules/rollup/dist/es/shared/node-entry.js:5676:38)
    at Identifier.bind (file:///F:/Cypher-Flux/cypherflux-frontend/node_modules/rollup/dist/es/shared/node-entry.js:5450:40)
    at CallExpression.bind (file:///F:/Cypher-Flux/cypherflux-frontend/node_modules/rollup/dist/es/shared/node-entry.js:2828:28)
    at CallExpression.bind (file:///F:/Cypher-Flux/cypherflux-frontend/node_modules/rollup/dist/es/shared/node-entry.js:12512:15)[39m
